2017-03-09 21:41:50 INFO  DBFactory:26 - Отримано драйвер класу
2017-03-09 21:41:52 ERROR DBFactory:39 - Неможливо підключитися до бази данних
2017-03-09 21:41:52 ERROR DBFactory:40 - Unknown database 'bank'
2017-03-09 21:41:55 INFO  DBFactory:26 - Отримано драйвер класу
2017-03-09 21:41:56 ERROR DBFactory:39 - Неможливо підключитися до бази данних
2017-03-09 21:41:56 ERROR DBFactory:40 - Unknown database 'bank'
2017-03-15 21:08:24 INFO  DBFactory:26 - Отримано драйвер класу
2017-03-15 21:08:27 INFO  DBFactory:36 - Успішне підключення до бази данних
2017-03-15 21:08:27 INFO  DBFactory:26 - Отримано драйвер класу
2017-03-15 21:08:27 INFO  DBFactory:36 - Успішне підключення до бази данних
2017-03-15 21:08:27 ERROR DBFactory:89 - Рахунок не було створено
2017-03-15 21:08:27 INFO  DBFactory:26 - Отримано драйвер класу
2017-03-15 21:08:27 INFO  DBFactory:36 - Успішне підключення до бази данних
2017-03-16 15:29:23 INFO  DBFactory:26 - Отримано драйвер класу
2017-03-16 15:29:25 INFO  DBFactory:36 - Успішне підключення до бази данних
2017-03-16 15:29:25 INFO  DBFactory:224 - Рахунок було видалено
2017-03-16 15:32:34 INFO  DBFactory:26 - Отримано драйвер класу
2017-03-16 15:32:35 INFO  DBFactory:36 - Успішне підключення до бази данних
2017-03-16 15:32:35 INFO  DBFactory:26 - Отримано драйвер класу
2017-03-16 15:32:35 INFO  DBFactory:36 - Успішне підключення до бази данних
2017-03-16 15:32:35 INFO  DBFactory:224 - Рахунок було видалено
2017-03-16 15:32:35 INFO  DBFactory:26 - Отримано драйвер класу
2017-03-16 15:32:35 INFO  DBFactory:36 - Успішне підключення до бази данних
2017-03-16 15:32:35 INFO  DBFactory:26 - Отримано драйвер класу
2017-03-16 15:32:35 INFO  DBFactory:36 - Успішне підключення до бази данних
2017-03-16 15:32:35 INFO  DBFactory:26 - Отримано драйвер класу
2017-03-16 15:32:35 INFO  DBFactory:36 - Успішне підключення до бази данних
2017-03-16 15:32:35 INFO  DBFactory:26 - Отримано драйвер класу
2017-03-16 15:32:35 INFO  DBFactory:36 - Успішне підключення до бази данних
2017-03-16 15:32:36 ERROR DBFactory:89 - Рахунок не було створено
2017-03-16 15:32:36 INFO  DBFactory:26 - Отримано драйвер класу
2017-03-16 15:32:36 INFO  DBFactory:36 - Успішне підключення до бази данних
2017-03-16 15:37:21 INFO  DBFactory:26 - Отримано драйвер класу
2017-03-16 15:37:21 ERROR DBFactory:41 - Неможливо підключитися до бази данних
2017-03-16 15:37:21 ERROR DBFactory:42 - jdbc:mysql://localhost:3306/bank?useSSL=false
2017-03-16 15:37:21 INFO  DBFactory:26 - Отримано драйвер класу
2017-03-16 15:37:21 ERROR DBFactory:41 - Неможливо підключитися до бази данних
2017-03-16 15:37:21 ERROR DBFactory:42 - jdbc:mysql://localhost:3306/bank?useSSL=false
2017-03-16 15:37:21 INFO  DBFactory:26 - Отримано драйвер класу
2017-03-16 15:37:21 ERROR DBFactory:41 - Неможливо підключитися до бази данних
2017-03-16 15:37:21 ERROR DBFactory:42 - jdbc:mysql://localhost:3306/bank?useSSL=false
2017-03-16 15:37:21 INFO  DBFactory:26 - Отримано драйвер класу
2017-03-16 15:37:21 ERROR DBFactory:41 - Неможливо підключитися до бази данних
2017-03-16 15:37:21 ERROR DBFactory:42 - jdbc:mysql://localhost:3306/bank?useSSL=false
2017-03-16 15:37:21 INFO  DBFactory:26 - Отримано драйвер класу
2017-03-16 15:37:21 ERROR DBFactory:41 - Неможливо підключитися до бази данних
2017-03-16 15:37:21 ERROR DBFactory:42 - jdbc:mysql://localhost:3306/bank?useSSL=false
2017-03-16 15:37:51 INFO  DBFactory:26 - Отримано драйвер класу
2017-03-16 15:37:52 INFO  DBFactory:36 - Успішне підключення до бази данних
2017-03-16 15:37:52 INFO  DBFactory:26 - Отримано драйвер класу
2017-03-16 15:37:52 INFO  DBFactory:36 - Успішне підключення до бази данних
2017-03-16 15:37:52 INFO  DBFactory:224 - Рахунок було видалено
2017-03-16 15:37:52 INFO  DBFactory:26 - Отримано драйвер класу
2017-03-16 15:37:52 INFO  DBFactory:36 - Успішне підключення до бази данних
2017-03-16 15:37:52 INFO  DBFactory:26 - Отримано драйвер класу
2017-03-16 15:37:52 INFO  DBFactory:36 - Успішне підключення до бази данних
2017-03-16 15:37:52 INFO  DBFactory:26 - Отримано драйвер класу
2017-03-16 15:37:52 INFO  DBFactory:36 - Успішне підключення до бази данних
2017-03-16 15:37:52 INFO  DBFactory:26 - Отримано драйвер класу
2017-03-16 15:37:52 INFO  DBFactory:36 - Успішне підключення до бази данних
2017-03-16 15:37:52 ERROR DBFactory:89 - Рахунок не було створено
2017-03-16 15:37:52 INFO  DBFactory:26 - Отримано драйвер класу
2017-03-16 15:37:52 INFO  DBFactory:36 - Успішне підключення до бази данних
26 yyyy-MM-dd HH:mm:ss,SSS" INFO  DBFactory:26 - Отримано драйвер класу
36 yyyy-MM-dd HH:mm:ss,SSS" INFO  DBFactory:36 - Успішне підключення до бази данних
26 yyyy-MM-dd HH:mm:ss,SSS" INFO  DBFactory:26 - Отримано драйвер класу
36 yyyy-MM-dd HH:mm:ss,SSS" INFO  DBFactory:36 - Успішне підключення до бази данних
224 yyyy-MM-dd HH:mm:ss,SSS" INFO  DBFactory:224 - Рахунок було видалено
26 yyyy-MM-dd HH:mm:ss,SSS" INFO  DBFactory:26 - Отримано драйвер класу
36 yyyy-MM-dd HH:mm:ss,SSS" INFO  DBFactory:36 - Успішне підключення до бази данних
26 yyyy-MM-dd HH:mm:ss,SSS" INFO  DBFactory:26 - Отримано драйвер класу
36 yyyy-MM-dd HH:mm:ss,SSS" INFO  DBFactory:36 - Успішне підключення до бази данних
26 yyyy-MM-dd HH:mm:ss,SSS" INFO  DBFactory:26 - Отримано драйвер класу
36 yyyy-MM-dd HH:mm:ss,SSS" INFO  DBFactory:36 - Успішне підключення до бази данних
26 yyyy-MM-dd HH:mm:ss,SSS" INFO  DBFactory:26 - Отримано драйвер класу
36 yyyy-MM-dd HH:mm:ss,SSS" INFO  DBFactory:36 - Успішне підключення до бази данних
89 yyyy-MM-dd HH:mm:ss,SSS" ERROR DBFactory:89 - Рахунок не було створено
26 yyyy-MM-dd HH:mm:ss,SSS" INFO  DBFactory:26 - Отримано драйвер класу
36 yyyy-MM-dd HH:mm:ss,SSS" INFO  DBFactory:36 - Успішне підключення до бази данних
